[2025-01-23T10:56:31.051103+00:00] name.WARNING: WarningTest [] []
[2025-01-23T10:56:31.053094+00:00] name.ERROR: ErrorTest [] []
[2025-01-23T10:57:13.277562+00:00] TP-Composer.WARNING: WarningTest [] []
[2025-01-23T10:57:13.279482+00:00] TP-Composer.ERROR: ErrorTest [] []
[2025-01-29T14:06:04.862383+00:00] TP-Composer.ERROR: Le message n'a pas pu être envoyer:  ["SMTP Error: Could not authenticate."] []
[2025-02-05T13:32:47.962553+00:00] TP-Composer.ERROR: Erreur: could not find driver [] []
[2025-02-05T13:33:45.755108+00:00] TP-Composer.ERROR: Erreur: could not find driver [] []
[2025-02-05T13:35:36.472856+00:00] TP-Composer.ERROR: Erreur: could not find driver [] []
[2025-02-05T13:36:16.826146+00:00] TP-Composer.ERROR: Erreur: could not find driver [] []
[2025-02-05T13:36:55.145683+00:00] TP-Composer.ERROR: Erreur: could not find driver [] []
[2025-02-05T13:37:02.182824+00:00] TP-Composer.ERROR: Erreur: could not find driver [] []
[2025-02-05T13:42:53.930746+00:00] TP-Composer.INFO: Debut du programme [] []
[2025-02-05T13:42:53.932546+00:00] TP-Composer.INFO: Connection réussie [] []
[2025-02-05T13:42:53.936964+00:00] TP-Composer.INFO: Fighter Successfully added [] []
[2025-02-05T13:51:17.900015+00:00] TP-Composer.INFO: Debut du programme [] []
[2025-02-05T13:51:17.901798+00:00] TP-Composer.INFO: Connection réussie [] []
[2025-02-05T13:52:45.117421+00:00] TP-Composer.INFO: Debut du programme [] []
[2025-02-05T13:52:45.119334+00:00] TP-Composer.INFO: Connection réussie [] []
[2025-02-05T13:57:03.609635+00:00] TP-Composer.INFO: Debut du programme [] []
[2025-02-05T13:57:03.611395+00:00] TP-Composer.INFO: Connection réussie [] []
[2025-02-05T14:12:18.885338+00:00] TP-Composer.INFO: Debut du programme [] []
[2025-02-05T14:12:46.690426+00:00] TP-Composer.INFO: Debut du programme [] []
[2025-02-05T14:14:26.678710+00:00] TP-Composer.INFO: Debut du programme [] []
[2025-02-05T14:15:53.414694+00:00] TP-Composer.INFO: Debut du programme [] []
[2025-02-05T14:15:53.416440+00:00] TP-Composer.ERROR: Erreur: La force du guerrier ne peut pas être négative [] []
[2025-02-05T14:16:13.700533+00:00] TP-Composer.INFO: Debut du programme [] []
[2025-02-05T14:16:13.702260+00:00] TP-Composer.ERROR: Erreur: La force du guerrier ne peut pas être négative [] []
[2025-02-05T14:16:56.149766+00:00] TP-Composer.INFO: Debut du programme [] []
[2025-02-05T14:16:56.151754+00:00] TP-Composer.ERROR: Erreur: La force du guerrier ne peut pas être négative [] []
